Arguments: 
  /usr/bin/node /usr/bin/yarn add @bale/core @babel/cli --dev

PATH: 
  /home/linuxbrew/.linuxbrew/bin:/home/linuxbrew/.linuxbrew/sbin:/home/visualepic/.local/bin:/usr/local/sbin:/usr/local/bin:/usr/bin:/var/lib/flatpak/exports/bin:/usr/lib/jvm/default/bin:/usr/bin/site_perl:/usr/bin/vendor_perl:/usr/bin/core_perl:/var/lib/snapd/snap/bin:/home/visualepic/Android/Sdk/emulator:/home/visualepic/Android/Sdk/tools:/home/visualepic/Android/Sdk/tools/bin:/home/visualepic/Android/Sdk/platform-tools:/home/visualepic/.dotnet:/home/visualepic/.dotnet/tools:/home/visualepic/Android/Sdk/emulator:/home/visualepic/Android/Sdk/tools:/home/visualepic/Android/Sdk/tools/bin:/home/visualepic/Android/Sdk/platform-tools:/home/visualepic/.dotnet:/home/visualepic/.dotnet/tools

Yarn version: 
  1.22.19

Node version: 
  19.6.0

Platform: 
  linux x64

Trace: 
  Error: https://registry.yarnpkg.com/@bale%2fcore: Not found
      at params.callback [as _callback] (/usr/lib/node_modules/yarn/lib/cli.js:66145:18)
      at self.callback (/usr/lib/node_modules/yarn/lib/cli.js:140890:22)
      at Request.emit (node:events:512:28)
      at Request.<anonymous> (/usr/lib/node_modules/yarn/lib/cli.js:141862:10)
      at Request.emit (node:events:512:28)
      at IncomingMessage.<anonymous> (/usr/lib/node_modules/yarn/lib/cli.js:141784:12)
      at Object.onceWrapper (node:events:626:28)
      at IncomingMessage.emit (node:events:524:35)
      at endReadableNT (node:internal/streams/readable:1359:12)
      at process.processTicksAndRejections (node:internal/process/task_queues:82:21)

npm manifest: 
  {
    "name": "blog",
    "version": "1.0.0",
    "main": "index.js",
    "license": "MIT"
  }

yarn manifest: 
  No manifest

Lockfile: 
  No lockfile
